<?xml version="1.0" encoding="UTF-8"?>
<!-- Generated by org.testng.reporters.JUnitXMLReporter -->
<testsuite ignored="0" hostname="user13" failures="2" tests="2" name="Default test" time="2.153" errors="0" timestamp="2024-11-19T10:20:49 IST">
  <testcase classname="io.cucumber.testng.AbstractTestNGCucumberTests" name="runScenario" time="0.258">
    <failure type="io.cucumber.java.PendingException" message="TODO: implement me">
      <![CDATA[io.cucumber.java.PendingException: TODO: implement me
at stepDefs.OrderStepDef.user_is_on_login_page(OrderStepDef.java:12)
at ✽.user is on login page(file:///C:/workspace/BDDCucumberPOM/src/test/resources/Features/PlaceOrder.feature:4)
]]>
    </failure>
  </testcase> <!-- runScenario -->
  <testcase classname="io.cucumber.testng.AbstractTestNGCucumberTests" name="runScenario" time="0.065">
    <failure type="io.cucumber.java.PendingException" message="TODO: implement me">
      <![CDATA[io.cucumber.java.PendingException: TODO: implement me
at stepDefs.OrderStepDef.user_is_on_login_page(OrderStepDef.java:12)
at ✽.user is on login page(file:///C:/workspace/BDDCucumberPOM/src/test/resources/Features/PlaceOrder.feature:4)
]]>
    </failure>
  </testcase> <!-- runScenario -->
</testsuite> <!-- Default test -->
